{"contracts\\ZeroStake.sol":{"l":{"176":31,"177":31,"181":1,"182":1,"186":6,"187":6,"199":12,"204":12,"205":12,"206":12,"207":12,"208":12,"210":12,"212":12,"213":12,"214":12,"227":12,"229":12,"236":0,"238":0,"240":0,"247":0,"249":0,"251":0,"258":0,"260":0,"262":0,"269":0,"271":0,"273":0,"280":0,"285":0,"287":0,"294":0,"299":0,"301":0,"310":0,"312":0,"314":0,"329":13,"330":1,"335":12,"342":13,"343":13,"345":13,"346":13,"349":13,"352":13,"354":13,"366":13,"367":13,"385":1,"386":1,"388":1,"399":0,"401":0,"402":0,"405":0,"406":0,"408":0,"417":3,"431":4,"432":4,"433":0,"435":4,"436":0,"438":4,"439":4,"440":4,"441":4,"451":3,"462":3,"463":3,"464":3,"465":3,"467":3,"468":3,"472":3,"474":3,"480":3,"494":3,"509":0,"511":0,"512":0,"513":0,"517":0,"527":14,"529":14,"530":13,"533":1,"537":1,"539":1,"540":1,"542":1,"543":1,"544":1,"547":1,"549":1,"550":1,"552":1,"555":1,"556":1,"559":1,"561":1,"568":13,"569":13,"570":1,"578":10,"579":10,"584":10,"585":10,"590":9,"604":0,"605":0,"606":0,"611":0,"613":0,"620":0,"633":4,"634":4,"636":4,"638":3,"640":3,"644":3,"645":0,"648":3,"649":3,"650":3,"658":3,"659":3,"663":3,"674":2,"675":2,"677":2,"678":2,"679":2,"680":2,"681":1,"683":1,"684":1,"687":2,"688":1,"691":2,"692":1,"695":2,"696":1,"697":1,"699":0,"706":2,"717":1,"718":1,"720":1,"722":1,"727":1,"728":1,"729":1,"732":1,"736":1,"748":9,"749":9,"751":9,"753":9,"755":0,"758":0,"759":0,"760":0,"762":0,"765":0,"767":0,"768":0,"771":0,"772":0,"776":9,"777":9,"778":9,"779":9,"782":9,"785":9,"786":9,"789":9,"792":9,"794":9,"795":9,"797":9,"799":9,"809":1,"811":1,"812":0,"814":1,"825":1,"829":1,"830":1,"831":0},"path":"D:\\DijiaCoder\\WEB3\\dijiacoder\\staking-contracts\\contracts\\ZeroStake.sol","s":{"1":31,"2":1,"3":6,"4":12,"5":12,"6":12,"7":12,"8":12,"9":12,"10":12,"11":12,"12":0,"13":0,"14":0,"15":0,"16":0,"17":0,"18":0,"19":0,"20":0,"21":0,"22":0,"23":0,"24":0,"25":0,"26":13,"27":1,"28":12,"29":13,"30":13,"31":13,"32":13,"33":13,"34":13,"35":13,"36":13,"37":1,"38":0,"39":0,"40":0,"41":0,"42":3,"43":4,"44":4,"45":4,"46":4,"47":4,"48":4,"49":3,"50":3,"51":3,"52":3,"53":3,"54":3,"55":3,"56":3,"57":3,"58":3,"59":0,"60":0,"61":0,"62":14,"63":14,"64":13,"65":1,"66":1,"67":1,"68":1,"69":1,"70":1,"71":1,"72":1,"73":1,"74":1,"75":1,"76":13,"77":13,"78":1,"79":10,"80":10,"81":10,"82":10,"83":9,"84":0,"85":0,"86":0,"87":0,"88":0,"89":0,"90":4,"91":4,"92":4,"93":3,"94":3,"95":3,"96":3,"97":3,"98":3,"99":2,"100":2,"101":2,"102":2,"103":2,"104":2,"105":2,"106":2,"107":1,"108":2,"109":1,"110":1,"111":0,"112":2,"113":1,"114":1,"115":1,"116":1,"117":1,"118":1,"119":1,"120":9,"121":9,"122":9,"123":9,"124":0,"125":0,"126":0,"127":0,"128":0,"129":0,"130":0,"131":0,"132":9,"133":9,"134":9,"135":9,"136":9,"137":9,"138":9,"139":9,"140":9,"141":1,"142":1,"143":0,"144":1,"145":1,"146":1,"147":1,"148":0},"b":{"1":[31,0],"2":[1,0],"3":[6,0],"4":[12,0],"5":[12,0],"6":[0,0],"7":[12,0],"8":[0,0],"9":[0,0],"10":[0,0],"11":[0,0],"12":[0,0],"13":[0,0],"14":[0,0],"15":[0,0],"16":[0,0],"17":[0,0],"18":[0,0],"19":[0,0],"20":[0,0],"21":[0,0],"22":[13,1],"23":[1,12],"24":[1,0],"25":[12,0],"26":[13,0],"27":[13,0],"28":[13,0],"29":[0,13],"30":[1,0],"31":[1,0],"32":[0,0],"33":[0,0],"34":[0,0],"35":[0,0],"36":[4,0],"37":[0,4],"38":[0,4],"39":[4,0],"40":[4,0],"41":[3,0],"42":[3,0],"43":[3,0],"44":[3,0],"45":[0,0],"46":[0,0],"47":[14,0],"48":[13,1],"49":[1,0],"50":[1,0],"51":[1,0],"52":[1,0],"53":[1,0],"54":[1,0],"55":[10,0],"56":[10,0],"57":[9,1],"58":[0,0],"59":[0,0],"60":[0,0],"61":[0,0],"62":[0,0],"63":[4,0],"64":[4,0],"65":[4,0],"66":[3,1],"67":[0,3],"68":[3,0],"69":[2,0],"70":[2,0],"71":[2,0],"72":[1,1],"73":[1,1],"74":[1,0],"75":[1,0],"76":[1,0],"77":[1,0],"78":[1,0],"79":[0,9],"80":[0,0],"81":[0,0],"82":[0,0],"83":[0,0],"84":[0,0],"85":[9,0],"86":[9,0],"87":[9,0],"88":[9,0],"89":[9,0],"90":[0,1],"91":[1,0],"92":[0,1],"93":[0,0]},"f":{"1":31,"2":1,"3":6,"4":12,"5":0,"6":12,"7":0,"8":0,"9":0,"10":0,"11":0,"12":0,"13":0,"14":13,"15":1,"16":0,"17":3,"18":4,"19":3,"20":3,"21":3,"22":0,"23":14,"24":13,"25":10,"26":0,"27":4,"28":2,"29":1,"30":9,"31":1,"32":1},"fnMap":{"1":{"name":"checkPid","line":175,"loc":{"start":{"line":175,"column":4},"end":{"line":178,"column":4}}},"2":{"name":"whenNotClaimPaused","line":180,"loc":{"start":{"line":180,"column":4},"end":{"line":183,"column":4}}},"3":{"name":"whenNotWithdrawPaused","line":185,"loc":{"start":{"line":185,"column":4},"end":{"line":188,"column":4}}},"4":{"name":"initialize","line":198,"loc":{"start":{"line":193,"column":4},"end":{"line":215,"column":4}}},"5":{"name":"_authorizeUpgrade","line":219,"loc":{"start":{"line":217,"column":4},"end":{"line":219,"column":48}}},"6":{"name":"setZeroToken","line":226,"loc":{"start":{"line":226,"column":4},"end":{"line":230,"column":4}}},"7":{"name":"pauseWithdraw","line":235,"loc":{"start":{"line":235,"column":4},"end":{"line":241,"column":4}}},"8":{"name":"unpauseWithdraw","line":246,"loc":{"start":{"line":246,"column":4},"end":{"line":252,"column":4}}},"9":{"name":"pauseClaim","line":257,"loc":{"start":{"line":257,"column":4},"end":{"line":263,"column":4}}},"10":{"name":"unpauseClaim","line":268,"loc":{"start":{"line":268,"column":4},"end":{"line":274,"column":4}}},"11":{"name":"setStartBlock","line":279,"loc":{"start":{"line":279,"column":4},"end":{"line":288,"column":4}}},"12":{"name":"setEndBlock","line":293,"loc":{"start":{"line":293,"column":4},"end":{"line":302,"column":4}}},"13":{"name":"setZeroTokenPerBlock","line":309,"loc":{"start":{"line":307,"column":4},"end":{"line":315,"column":4}}},"14":{"name":"addPool","line":327,"loc":{"start":{"line":321,"column":4},"end":{"line":375,"column":4}}},"15":{"name":"updatePool","line":384,"loc":{"start":{"line":380,"column":4},"end":{"line":389,"column":4}}},"16":{"name":"setPoolWeight","line":398,"loc":{"start":{"line":394,"column":4},"end":{"line":409,"column":4}}},"17":{"name":"poolLength","line":416,"loc":{"start":{"line":416,"column":4},"end":{"line":418,"column":4}}},"18":{"name":"getMultiplier","line":427,"loc":{"start":{"line":427,"column":4},"end":{"line":442,"column":4}}},"19":{"name":"pendingZeroToken","line":450,"loc":{"start":{"line":447,"column":4},"end":{"line":452,"column":4}}},"20":{"name":"pendingZeroTokenByBlockNumber","line":461,"loc":{"start":{"line":457,"column":4},"end":{"line":485,"column":4}}},"21":{"name":"stakingBalance","line":493,"loc":{"start":{"line":490,"column":4},"end":{"line":495,"column":4}}},"22":{"name":"withdrawAmount","line":506,"loc":{"start":{"line":500,"column":4},"end":{"line":519,"column":4}}},"23":{"name":"updatePool","line":526,"loc":{"start":{"line":526,"column":4},"end":{"line":562,"column":4}}},"24":{"name":"massUpdatePools","line":567,"loc":{"start":{"line":567,"column":4},"end":{"line":572,"column":4}}},"25":{"name":"depositETH","line":577,"loc":{"start":{"line":577,"column":4},"end":{"line":591,"column":4}}},"26":{"name":"deposit","line":603,"loc":{"start":{"line":600,"column":4},"end":{"line":621,"column":4}}},"27":{"name":"unstake","line":632,"loc":{"start":{"line":629,"column":4},"end":{"line":664,"column":4}}},"28":{"name":"withdraw","line":673,"loc":{"start":{"line":671,"column":4},"end":{"line":707,"column":4}}},"29":{"name":"claim","line":716,"loc":{"start":{"line":714,"column":4},"end":{"line":737,"column":4}}},"30":{"name":"_deposit","line":747,"loc":{"start":{"line":747,"column":4},"end":{"line":800,"column":4}}},"31":{"name":"_safeZeroTokenTransfer","line":808,"loc":{"start":{"line":808,"column":4},"end":{"line":816,"column":4}}},"32":{"name":"_safeETHTransfer","line":824,"loc":{"start":{"line":824,"column":4},"end":{"line":836,"column":4}}}},"statementMap":{"1":{"start":{"line":176,"column":8},"end":{"line":176,"column":49}},"2":{"start":{"line":181,"column":8},"end":{"line":181,"column":47}},"3":{"start":{"line":186,"column":8},"end":{"line":186,"column":53}},"4":{"start":{"line":199,"column":8},"end":{"line":199,"column":6406}},"5":{"start":{"line":204,"column":8},"end":{"line":204,"column":29}},"6":{"start":{"line":205,"column":8},"end":{"line":205,"column":31}},"7":{"start":{"line":206,"column":8},"end":{"line":206,"column":49}},"8":{"start":{"line":207,"column":8},"end":{"line":207,"column":43}},"9":{"start":{"line":208,"column":8},"end":{"line":208,"column":41}},"10":{"start":{"line":210,"column":8},"end":{"line":210,"column":31}},"11":{"start":{"line":229,"column":8},"end":{"line":229,"column":36}},"12":{"start":{"line":236,"column":8},"end":{"line":236,"column":67}},"13":{"start":{"line":240,"column":8},"end":{"line":240,"column":28}},"14":{"start":{"line":247,"column":8},"end":{"line":247,"column":68}},"15":{"start":{"line":251,"column":8},"end":{"line":251,"column":30}},"16":{"start":{"line":258,"column":8},"end":{"line":258,"column":61}},"17":{"start":{"line":262,"column":8},"end":{"line":262,"column":25}},"18":{"start":{"line":269,"column":8},"end":{"line":269,"column":62}},"19":{"start":{"line":273,"column":8},"end":{"line":273,"column":27}},"20":{"start":{"line":280,"column":8},"end":{"line":280,"column":8681}},"21":{"start":{"line":287,"column":8},"end":{"line":287,"column":39}},"22":{"start":{"line":294,"column":8},"end":{"line":294,"column":9061}},"23":{"start":{"line":301,"column":8},"end":{"line":301,"column":35}},"24":{"start":{"line":310,"column":8},"end":{"line":310,"column":59}},"25":{"start":{"line":314,"column":8},"end":{"line":314,"column":53}},"26":{"start":{"line":329,"column":8},"end":{"line":329,"column":10204}},"27":{"start":{"line":330,"column":12},"end":{"line":330,"column":10244}},"28":{"start":{"line":335,"column":12},"end":{"line":335,"column":10399}},"29":{"start":{"line":342,"column":8},"end":{"line":342,"column":74}},"30":{"start":{"line":343,"column":8},"end":{"line":343,"column":56}},"31":{"start":{"line":345,"column":8},"end":{"line":345,"column":10804}},"32":{"start":{"line":346,"column":12},"end":{"line":346,"column":28}},"33":{"start":{"line":349,"column":8},"end":{"line":349,"column":10893}},"34":{"start":{"line":354,"column":8},"end":{"line":354,"column":11053}},"35":{"start":{"line":366,"column":8},"end":{"line":366,"column":43}},"36":{"start":{"line":367,"column":8},"end":{"line":367,"column":11500}},"37":{"start":{"line":388,"column":8},"end":{"line":388,"column":74}},"38":{"start":{"line":399,"column":8},"end":{"line":399,"column":54}},"39":{"start":{"line":401,"column":8},"end":{"line":401,"column":12555}},"40":{"start":{"line":402,"column":12},"end":{"line":402,"column":28}},"41":{"start":{"line":408,"column":8},"end":{"line":408,"column":62}},"42":{"start":{"line":417,"column":8},"end":{"line":417,"column":26}},"43":{"start":{"line":431,"column":8},"end":{"line":431,"column":45}},"44":{"start":{"line":432,"column":8},"end":{"line":432,"column":13570}},"45":{"start":{"line":435,"column":8},"end":{"line":435,"column":13649}},"46":{"start":{"line":438,"column":8},"end":{"line":438,"column":74}},"47":{"start":{"line":439,"column":8},"end":{"line":439,"column":20}},"48":{"start":{"line":441,"column":8},"end":{"line":441,"column":46}},"49":{"start":{"line":451,"column":8},"end":{"line":451,"column":71}},"50":{"start":{"line":462,"column":8},"end":{"line":462,"column":39}},"51":{"start":{"line":463,"column":8},"end":{"line":463,"column":46}},"52":{"start":{"line":464,"column":8},"end":{"line":464,"column":59}},"53":{"start":{"line":465,"column":8},"end":{"line":465,"column":46}},"54":{"start":{"line":467,"column":8},"end":{"line":467,"column":14725}},"55":{"start":{"line":468,"column":12},"end":{"line":468,"column":14804}},"56":{"start":{"line":472,"column":12},"end":{"line":472,"column":14957}},"57":{"start":{"line":480,"column":8},"end":{"line":480,"column":15224}},"58":{"start":{"line":494,"column":8},"end":{"line":494,"column":41}},"59":{"start":{"line":509,"column":8},"end":{"line":509,"column":46}},"60":{"start":{"line":511,"column":8},"end":{"line":511,"column":16025}},"61":{"start":{"line":512,"column":12},"end":{"line":512,"column":16096}},"62":{"start":{"line":527,"column":8},"end":{"line":527,"column":39}},"63":{"start":{"line":529,"column":8},"end":{"line":529,"column":16699}},"64":{"start":{"line":530,"column":12},"end":{"line":530,"column":18}},"65":{"start":{"line":533,"column":8},"end":{"line":533,"column":16813}},"66":{"start":{"line":537,"column":8},"end":{"line":537,"column":36}},"67":{"start":{"line":540,"column":8},"end":{"line":540,"column":36}},"68":{"start":{"line":542,"column":8},"end":{"line":542,"column":46}},"69":{"start":{"line":543,"column":8},"end":{"line":543,"column":17163}},"70":{"start":{"line":544,"column":12},"end":{"line":544,"column":17201}},"71":{"start":{"line":547,"column":12},"end":{"line":547,"column":40}},"72":{"start":{"line":550,"column":12},"end":{"line":550,"column":40}},"73":{"start":{"line":552,"column":12},"end":{"line":552,"column":17517}},"74":{"start":{"line":555,"column":12},"end":{"line":555,"column":40}},"75":{"start":{"line":561,"column":8},"end":{"line":561,"column":68}},"76":{"start":{"line":568,"column":8},"end":{"line":568,"column":36}},"77":{"start":{"line":569,"column":8},"end":{"line":569,"column":18049}},"78":{"start":{"line":570,"column":12},"end":{"line":570,"column":26}},"79":{"start":{"line":578,"column":8},"end":{"line":578,"column":42}},"80":{"start":{"line":579,"column":8},"end":{"line":579,"column":18332}},"81":{"start":{"line":584,"column":8},"end":{"line":584,"column":35}},"82":{"start":{"line":585,"column":8},"end":{"line":585,"column":18498}},"83":{"start":{"line":590,"column":8},"end":{"line":590,"column":33}},"84":{"start":{"line":604,"column":8},"end":{"line":604,"column":60}},"85":{"start":{"line":605,"column":8},"end":{"line":605,"column":39}},"86":{"start":{"line":606,"column":8},"end":{"line":606,"column":19215}},"87":{"start":{"line":611,"column":8},"end":{"line":611,"column":19337}},"88":{"start":{"line":613,"column":12},"end":{"line":613,"column":19406}},"89":{"start":{"line":620,"column":8},"end":{"line":620,"column":30}},"90":{"start":{"line":633,"column":8},"end":{"line":633,"column":39}},"91":{"start":{"line":634,"column":8},"end":{"line":634,"column":51}},"92":{"start":{"line":636,"column":8},"end":{"line":636,"column":77}},"93":{"start":{"line":638,"column":8},"end":{"line":638,"column":23}},"94":{"start":{"line":640,"column":8},"end":{"line":640,"column":20185}},"95":{"start":{"line":644,"column":8},"end":{"line":644,"column":20305}},"96":{"start":{"line":648,"column":8},"end":{"line":648,"column":20438}},"97":{"start":{"line":650,"column":12},"end":{"line":650,"column":20530}},"98":{"start":{"line":663,"column":8},"end":{"line":663,"column":54}},"99":{"start":{"line":674,"column":8},"end":{"line":674,"column":39}},"100":{"start":{"line":675,"column":8},"end":{"line":675,"column":51}},"101":{"start":{"line":677,"column":8},"end":{"line":677,"column":32}},"102":{"start":{"line":678,"column":8},"end":{"line":678,"column":23}},"103":{"start":{"line":679,"column":8},"end":{"line":679,"column":21411}},"104":{"start":{"line":680,"column":12},"end":{"line":680,"column":21482}},"105":{"start":{"line":687,"column":8},"end":{"line":687,"column":21693}},"106":{"start":{"line":691,"column":8},"end":{"line":691,"column":21841}},"107":{"start":{"line":692,"column":12},"end":{"line":692,"column":31}},"108":{"start":{"line":695,"column":8},"end":{"line":695,"column":21938}},"109":{"start":{"line":696,"column":12},"end":{"line":696,"column":21983}},"110":{"start":{"line":697,"column":16},"end":{"line":697,"column":61}},"111":{"start":{"line":699,"column":16},"end":{"line":699,"column":22135}},"112":{"start":{"line":706,"column":8},"end":{"line":706,"column":71}},"113":{"start":{"line":717,"column":8},"end":{"line":717,"column":39}},"114":{"start":{"line":718,"column":8},"end":{"line":718,"column":51}},"115":{"start":{"line":720,"column":8},"end":{"line":720,"column":23}},"116":{"start":{"line":722,"column":8},"end":{"line":722,"column":22773}},"117":{"start":{"line":727,"column":8},"end":{"line":727,"column":22932}},"118":{"start":{"line":729,"column":12},"end":{"line":729,"column":64}},"119":{"start":{"line":736,"column":8},"end":{"line":736,"column":55}},"120":{"start":{"line":748,"column":8},"end":{"line":748,"column":39}},"121":{"start":{"line":749,"column":8},"end":{"line":749,"column":51}},"122":{"start":{"line":751,"column":8},"end":{"line":751,"column":23}},"123":{"start":{"line":753,"column":8},"end":{"line":753,"column":23789}},"124":{"start":{"line":755,"column":12},"end":{"line":755,"column":23922}},"125":{"start":{"line":758,"column":12},"end":{"line":758,"column":76}},"126":{"start":{"line":760,"column":12},"end":{"line":760,"column":58}},"127":{"start":{"line":762,"column":12},"end":{"line":762,"column":24248}},"128":{"start":{"line":765,"column":12},"end":{"line":765,"column":68}},"129":{"start":{"line":767,"column":12},"end":{"line":767,"column":24450}},"130":{"start":{"line":768,"column":16},"end":{"line":768,"column":24530}},"131":{"start":{"line":771,"column":16},"end":{"line":771,"column":66}},"132":{"start":{"line":776,"column":8},"end":{"line":776,"column":24799}},"133":{"start":{"line":777,"column":12},"end":{"line":777,"column":78}},"134":{"start":{"line":778,"column":12},"end":{"line":778,"column":54}},"135":{"start":{"line":782,"column":8},"end":{"line":782,"column":25020}},"136":{"start":{"line":785,"column":8},"end":{"line":785,"column":55}},"137":{"start":{"line":789,"column":8},"end":{"line":789,"column":25333}},"138":{"start":{"line":792,"column":8},"end":{"line":792,"column":72}},"139":{"start":{"line":795,"column":8},"end":{"line":795,"column":66}},"140":{"start":{"line":799,"column":8},"end":{"line":799,"column":47}},"141":{"start":{"line":809,"column":8},"end":{"line":809,"column":65}},"142":{"start":{"line":811,"column":8},"end":{"line":811,"column":26224}},"143":{"start":{"line":812,"column":12},"end":{"line":812,"column":48}},"144":{"start":{"line":814,"column":12},"end":{"line":814,"column":43}},"145":{"start":{"line":825,"column":8},"end":{"line":825,"column":26657}},"146":{"start":{"line":829,"column":8},"end":{"line":829,"column":51}},"147":{"start":{"line":830,"column":8},"end":{"line":830,"column":26821}},"148":{"start":{"line":831,"column":12},"end":{"line":831,"column":26861}}},"branchMap":{"1":{"line":176,"type":"if","locations":[{"start":{"line":176,"column":8},"end":{"line":176,"column":8}},{"start":{"line":176,"column":8},"end":{"line":176,"column":8}}]},"2":{"line":181,"type":"if","locations":[{"start":{"line":181,"column":8},"end":{"line":181,"column":8}},{"start":{"line":181,"column":8},"end":{"line":181,"column":8}}]},"3":{"line":186,"type":"if","locations":[{"start":{"line":186,"column":8},"end":{"line":186,"column":8}},{"start":{"line":186,"column":8},"end":{"line":186,"column":8}}]},"4":{"line":198,"type":"if","locations":[{"start":{"line":198,"column":13},"end":{"line":198,"column":13}},{"start":{"line":198,"column":13},"end":{"line":198,"column":13}}]},"5":{"line":199,"type":"if","locations":[{"start":{"line":199,"column":8},"end":{"line":199,"column":8}},{"start":{"line":199,"column":8},"end":{"line":199,"column":8}}]},"6":{"line":219,"type":"if","locations":[{"start":{"line":219,"column":24},"end":{"line":219,"column":24}},{"start":{"line":219,"column":24},"end":{"line":219,"column":24}}]},"7":{"line":226,"type":"if","locations":[{"start":{"line":226,"column":52},"end":{"line":226,"column":52}},{"start":{"line":226,"column":52},"end":{"line":226,"column":52}}]},"8":{"line":235,"type":"if","locations":[{"start":{"line":235,"column":36},"end":{"line":235,"column":36}},{"start":{"line":235,"column":36},"end":{"line":235,"column":36}}]},"9":{"line":236,"type":"if","locations":[{"start":{"line":236,"column":8},"end":{"line":236,"column":8}},{"start":{"line":236,"column":8},"end":{"line":236,"column":8}}]},"10":{"line":246,"type":"if","locations":[{"start":{"line":246,"column":38},"end":{"line":246,"column":38}},{"start":{"line":246,"column":38},"end":{"line":246,"column":38}}]},"11":{"line":247,"type":"if","locations":[{"start":{"line":247,"column":8},"end":{"line":247,"column":8}},{"start":{"line":247,"column":8},"end":{"line":247,"column":8}}]},"12":{"line":257,"type":"if","locations":[{"start":{"line":257,"column":33},"end":{"line":257,"column":33}},{"start":{"line":257,"column":33},"end":{"line":257,"column":33}}]},"13":{"line":258,"type":"if","locations":[{"start":{"line":258,"column":8},"end":{"line":258,"column":8}},{"start":{"line":258,"column":8},"end":{"line":258,"column":8}}]},"14":{"line":268,"type":"if","locations":[{"start":{"line":268,"column":35},"end":{"line":268,"column":35}},{"start":{"line":268,"column":35},"end":{"line":268,"column":35}}]},"15":{"line":269,"type":"if","locations":[{"start":{"line":269,"column":8},"end":{"line":269,"column":8}},{"start":{"line":269,"column":8},"end":{"line":269,"column":8}}]},"16":{"line":279,"type":"if","locations":[{"start":{"line":279,"column":55},"end":{"line":279,"column":55}},{"start":{"line":279,"column":55},"end":{"line":279,"column":55}}]},"17":{"line":280,"type":"if","locations":[{"start":{"line":280,"column":8},"end":{"line":280,"column":8}},{"start":{"line":280,"column":8},"end":{"line":280,"column":8}}]},"18":{"line":293,"type":"if","locations":[{"start":{"line":293,"column":51},"end":{"line":293,"column":51}},{"start":{"line":293,"column":51},"end":{"line":293,"column":51}}]},"19":{"line":294,"type":"if","locations":[{"start":{"line":294,"column":8},"end":{"line":294,"column":8}},{"start":{"line":294,"column":8},"end":{"line":294,"column":8}}]},"20":{"line":309,"type":"if","locations":[{"start":{"line":309,"column":13},"end":{"line":309,"column":13}},{"start":{"line":309,"column":13},"end":{"line":309,"column":13}}]},"21":{"line":310,"type":"if","locations":[{"start":{"line":310,"column":8},"end":{"line":310,"column":8}},{"start":{"line":310,"column":8},"end":{"line":310,"column":8}}]},"22":{"line":327,"type":"if","locations":[{"start":{"line":327,"column":13},"end":{"line":327,"column":13}},{"start":{"line":327,"column":13},"end":{"line":327,"column":13}}]},"23":{"line":329,"type":"if","locations":[{"start":{"line":329,"column":8},"end":{"line":329,"column":8}},{"start":{"line":329,"column":8},"end":{"line":329,"column":8}}]},"24":{"line":330,"type":"if","locations":[{"start":{"line":330,"column":12},"end":{"line":330,"column":12}},{"start":{"line":330,"column":12},"end":{"line":330,"column":12}}]},"25":{"line":335,"type":"if","locations":[{"start":{"line":335,"column":12},"end":{"line":335,"column":12}},{"start":{"line":335,"column":12},"end":{"line":335,"column":12}}]},"26":{"line":342,"type":"if","locations":[{"start":{"line":342,"column":8},"end":{"line":342,"column":8}},{"start":{"line":342,"column":8},"end":{"line":342,"column":8}}]},"27":{"line":343,"type":"if","locations":[{"start":{"line":343,"column":8},"end":{"line":343,"column":8}},{"start":{"line":343,"column":8},"end":{"line":343,"column":8}}]},"28":{"line":345,"type":"if","locations":[{"start":{"line":345,"column":8},"end":{"line":345,"column":8}},{"start":{"line":345,"column":8},"end":{"line":345,"column":8}}]},"29":{"line":350,"type":"if","locations":[{"start":{"line":350,"column":14},"end":{"line":350,"column":25}},{"start":{"line":351,"column":14},"end":{"line":351,"column":23}}]},"30":{"line":384,"type":"if","locations":[{"start":{"line":384,"column":13},"end":{"line":384,"column":13}},{"start":{"line":384,"column":13},"end":{"line":384,"column":13}}]},"31":{"line":384,"type":"if","locations":[{"start":{"line":384,"column":34},"end":{"line":384,"column":34}},{"start":{"line":384,"column":34},"end":{"line":384,"column":34}}]},"32":{"line":398,"type":"if","locations":[{"start":{"line":398,"column":13},"end":{"line":398,"column":13}},{"start":{"line":398,"column":13},"end":{"line":398,"column":13}}]},"33":{"line":398,"type":"if","locations":[{"start":{"line":398,"column":34},"end":{"line":398,"column":34}},{"start":{"line":398,"column":34},"end":{"line":398,"column":34}}]},"34":{"line":399,"type":"if","locations":[{"start":{"line":399,"column":8},"end":{"line":399,"column":8}},{"start":{"line":399,"column":8},"end":{"line":399,"column":8}}]},"35":{"line":401,"type":"if","locations":[{"start":{"line":401,"column":8},"end":{"line":401,"column":8}},{"start":{"line":401,"column":8},"end":{"line":401,"column":8}}]},"36":{"line":431,"type":"if","locations":[{"start":{"line":431,"column":8},"end":{"line":431,"column":8}},{"start":{"line":431,"column":8},"end":{"line":431,"column":8}}]},"37":{"line":432,"type":"if","locations":[{"start":{"line":432,"column":8},"end":{"line":432,"column":8}},{"start":{"line":432,"column":8},"end":{"line":432,"column":8}}]},"38":{"line":435,"type":"if","locations":[{"start":{"line":435,"column":8},"end":{"line":435,"column":8}},{"start":{"line":435,"column":8},"end":{"line":435,"column":8}}]},"39":{"line":438,"type":"if","locations":[{"start":{"line":438,"column":8},"end":{"line":438,"column":8}},{"start":{"line":438,"column":8},"end":{"line":438,"column":8}}]},"40":{"line":441,"type":"if","locations":[{"start":{"line":441,"column":8},"end":{"line":441,"column":8}},{"start":{"line":441,"column":8},"end":{"line":441,"column":8}}]},"41":{"line":450,"type":"if","locations":[{"start":{"line":450,"column":20},"end":{"line":450,"column":20}},{"start":{"line":450,"column":20},"end":{"line":450,"column":20}}]},"42":{"line":461,"type":"if","locations":[{"start":{"line":461,"column":18},"end":{"line":461,"column":18}},{"start":{"line":461,"column":18},"end":{"line":461,"column":18}}]},"43":{"line":467,"type":"if","locations":[{"start":{"line":467,"column":8},"end":{"line":467,"column":8}},{"start":{"line":467,"column":8},"end":{"line":467,"column":8}}]},"44":{"line":493,"type":"if","locations":[{"start":{"line":493,"column":20},"end":{"line":493,"column":20}},{"start":{"line":493,"column":20},"end":{"line":493,"column":20}}]},"45":{"line":506,"type":"if","locations":[{"start":{"line":506,"column":8},"end":{"line":506,"column":8}},{"start":{"line":506,"column":8},"end":{"line":506,"column":8}}]},"46":{"line":512,"type":"if","locations":[{"start":{"line":512,"column":12},"end":{"line":512,"column":12}},{"start":{"line":512,"column":12},"end":{"line":512,"column":12}}]},"47":{"line":526,"type":"if","locations":[{"start":{"line":526,"column":45},"end":{"line":526,"column":45}},{"start":{"line":526,"column":45},"end":{"line":526,"column":45}}]},"48":{"line":529,"type":"if","locations":[{"start":{"line":529,"column":8},"end":{"line":529,"column":8}},{"start":{"line":529,"column":8},"end":{"line":529,"column":8}}]},"49":{"line":537,"type":"if","locations":[{"start":{"line":537,"column":8},"end":{"line":537,"column":8}},{"start":{"line":537,"column":8},"end":{"line":537,"column":8}}]},"50":{"line":540,"type":"if","locations":[{"start":{"line":540,"column":8},"end":{"line":540,"column":8}},{"start":{"line":540,"column":8},"end":{"line":540,"column":8}}]},"51":{"line":543,"type":"if","locations":[{"start":{"line":543,"column":8},"end":{"line":543,"column":8}},{"start":{"line":543,"column":8},"end":{"line":543,"column":8}}]},"52":{"line":547,"type":"if","locations":[{"start":{"line":547,"column":12},"end":{"line":547,"column":12}},{"start":{"line":547,"column":12},"end":{"line":547,"column":12}}]},"53":{"line":550,"type":"if","locations":[{"start":{"line":550,"column":12},"end":{"line":550,"column":12}},{"start":{"line":550,"column":12},"end":{"line":550,"column":12}}]},"54":{"line":555,"type":"if","locations":[{"start":{"line":555,"column":12},"end":{"line":555,"column":12}},{"start":{"line":555,"column":12},"end":{"line":555,"column":12}}]},"55":{"line":577,"type":"if","locations":[{"start":{"line":577,"column":41},"end":{"line":577,"column":41}},{"start":{"line":577,"column":41},"end":{"line":577,"column":41}}]},"56":{"line":579,"type":"if","locations":[{"start":{"line":579,"column":8},"end":{"line":579,"column":8}},{"start":{"line":579,"column":8},"end":{"line":579,"column":8}}]},"57":{"line":585,"type":"if","locations":[{"start":{"line":585,"column":8},"end":{"line":585,"column":8}},{"start":{"line":585,"column":8},"end":{"line":585,"column":8}}]},"58":{"line":603,"type":"if","locations":[{"start":{"line":603,"column":13},"end":{"line":603,"column":13}},{"start":{"line":603,"column":13},"end":{"line":603,"column":13}}]},"59":{"line":603,"type":"if","locations":[{"start":{"line":603,"column":27},"end":{"line":603,"column":27}},{"start":{"line":603,"column":27},"end":{"line":603,"column":27}}]},"60":{"line":604,"type":"if","locations":[{"start":{"line":604,"column":8},"end":{"line":604,"column":8}},{"start":{"line":604,"column":8},"end":{"line":604,"column":8}}]},"61":{"line":606,"type":"if","locations":[{"start":{"line":606,"column":8},"end":{"line":606,"column":8}},{"start":{"line":606,"column":8},"end":{"line":606,"column":8}}]},"62":{"line":611,"type":"if","locations":[{"start":{"line":611,"column":8},"end":{"line":611,"column":8}},{"start":{"line":611,"column":8},"end":{"line":611,"column":8}}]},"63":{"line":632,"type":"if","locations":[{"start":{"line":632,"column":13},"end":{"line":632,"column":13}},{"start":{"line":632,"column":13},"end":{"line":632,"column":13}}]},"64":{"line":632,"type":"if","locations":[{"start":{"line":632,"column":27},"end":{"line":632,"column":27}},{"start":{"line":632,"column":27},"end":{"line":632,"column":27}}]},"65":{"line":632,"type":"if","locations":[{"start":{"line":632,"column":42},"end":{"line":632,"column":42}},{"start":{"line":632,"column":42},"end":{"line":632,"column":42}}]},"66":{"line":636,"type":"if","locations":[{"start":{"line":636,"column":8},"end":{"line":636,"column":8}},{"start":{"line":636,"column":8},"end":{"line":636,"column":8}}]},"67":{"line":644,"type":"if","locations":[{"start":{"line":644,"column":8},"end":{"line":644,"column":8}},{"start":{"line":644,"column":8},"end":{"line":644,"column":8}}]},"68":{"line":648,"type":"if","locations":[{"start":{"line":648,"column":8},"end":{"line":648,"column":8}},{"start":{"line":648,"column":8},"end":{"line":648,"column":8}}]},"69":{"line":673,"type":"if","locations":[{"start":{"line":673,"column":13},"end":{"line":673,"column":13}},{"start":{"line":673,"column":13},"end":{"line":673,"column":13}}]},"70":{"line":673,"type":"if","locations":[{"start":{"line":673,"column":27},"end":{"line":673,"column":27}},{"start":{"line":673,"column":27},"end":{"line":673,"column":27}}]},"71":{"line":673,"type":"if","locations":[{"start":{"line":673,"column":42},"end":{"line":673,"column":42}},{"start":{"line":673,"column":42},"end":{"line":673,"column":42}}]},"72":{"line":680,"type":"if","locations":[{"start":{"line":680,"column":12},"end":{"line":680,"column":12}},{"start":{"line":680,"column":12},"end":{"line":680,"column":12}}]},"73":{"line":695,"type":"if","locations":[{"start":{"line":695,"column":8},"end":{"line":695,"column":8}},{"start":{"line":695,"column":8},"end":{"line":695,"column":8}}]},"74":{"line":696,"type":"if","locations":[{"start":{"line":696,"column":12},"end":{"line":696,"column":12}},{"start":{"line":696,"column":12},"end":{"line":696,"column":12}}]},"75":{"line":716,"type":"if","locations":[{"start":{"line":716,"column":13},"end":{"line":716,"column":13}},{"start":{"line":716,"column":13},"end":{"line":716,"column":13}}]},"76":{"line":716,"type":"if","locations":[{"start":{"line":716,"column":27},"end":{"line":716,"column":27}},{"start":{"line":716,"column":27},"end":{"line":716,"column":27}}]},"77":{"line":716,"type":"if","locations":[{"start":{"line":716,"column":42},"end":{"line":716,"column":42}},{"start":{"line":716,"column":42},"end":{"line":716,"column":42}}]},"78":{"line":727,"type":"if","locations":[{"start":{"line":727,"column":8},"end":{"line":727,"column":8}},{"start":{"line":727,"column":8},"end":{"line":727,"column":8}}]},"79":{"line":753,"type":"if","locations":[{"start":{"line":753,"column":8},"end":{"line":753,"column":8}},{"start":{"line":753,"column":8},"end":{"line":753,"column":8}}]},"80":{"line":758,"type":"if","locations":[{"start":{"line":758,"column":12},"end":{"line":758,"column":12}},{"start":{"line":758,"column":12},"end":{"line":758,"column":12}}]},"81":{"line":760,"type":"if","locations":[{"start":{"line":760,"column":12},"end":{"line":760,"column":12}},{"start":{"line":760,"column":12},"end":{"line":760,"column":12}}]},"82":{"line":765,"type":"if","locations":[{"start":{"line":765,"column":12},"end":{"line":765,"column":12}},{"start":{"line":765,"column":12},"end":{"line":765,"column":12}}]},"83":{"line":767,"type":"if","locations":[{"start":{"line":767,"column":12},"end":{"line":767,"column":12}},{"start":{"line":767,"column":12},"end":{"line":767,"column":12}}]},"84":{"line":771,"type":"if","locations":[{"start":{"line":771,"column":16},"end":{"line":771,"column":16}},{"start":{"line":771,"column":16},"end":{"line":771,"column":16}}]},"85":{"line":776,"type":"if","locations":[{"start":{"line":776,"column":8},"end":{"line":776,"column":8}},{"start":{"line":776,"column":8},"end":{"line":776,"column":8}}]},"86":{"line":778,"type":"if","locations":[{"start":{"line":778,"column":12},"end":{"line":778,"column":12}},{"start":{"line":778,"column":12},"end":{"line":778,"column":12}}]},"87":{"line":785,"type":"if","locations":[{"start":{"line":785,"column":8},"end":{"line":785,"column":8}},{"start":{"line":785,"column":8},"end":{"line":785,"column":8}}]},"88":{"line":792,"type":"if","locations":[{"start":{"line":792,"column":8},"end":{"line":792,"column":8}},{"start":{"line":792,"column":8},"end":{"line":792,"column":8}}]},"89":{"line":795,"type":"if","locations":[{"start":{"line":795,"column":8},"end":{"line":795,"column":8}},{"start":{"line":795,"column":8},"end":{"line":795,"column":8}}]},"90":{"line":811,"type":"if","locations":[{"start":{"line":811,"column":8},"end":{"line":811,"column":8}},{"start":{"line":811,"column":8},"end":{"line":811,"column":8}}]},"91":{"line":829,"type":"if","locations":[{"start":{"line":829,"column":8},"end":{"line":829,"column":8}},{"start":{"line":829,"column":8},"end":{"line":829,"column":8}}]},"92":{"line":830,"type":"if","locations":[{"start":{"line":830,"column":8},"end":{"line":830,"column":8}},{"start":{"line":830,"column":8},"end":{"line":830,"column":8}}]},"93":{"line":831,"type":"if","locations":[{"start":{"line":831,"column":12},"end":{"line":831,"column":12}},{"start":{"line":831,"column":12},"end":{"line":831,"column":12}}]}}},"contracts\\ZeroToken.sol":{"l":{"9":12},"path":"D:\\DijiaCoder\\WEB3\\dijiacoder\\staking-contracts\\contracts\\ZeroToken.sol","s":{"1":12},"b":{},"f":{"1":12},"fnMap":{"1":{"name":"constructor","line":7,"loc":{"start":{"line":7,"column":4},"end":{"line":10,"column":4}}}},"statementMap":{"1":{"start":{"line":9,"column":9},"end":{"line":9,"column":61}}},"branchMap":{}}}