TN:
SF:D:\DijiaCoder\WEB3\dijiacoder\staking-contracts\contracts\ZeroStake.sol
FN:175,checkPid
FN:180,whenNotClaimPaused
FN:185,whenNotWithdrawPaused
FN:198,initialize
FN:219,_authorizeUpgrade
FN:226,setZeroToken
FN:235,pauseWithdraw
FN:246,unpauseWithdraw
FN:257,pauseClaim
FN:268,unpauseClaim
FN:279,setStartBlock
FN:293,setEndBlock
FN:309,setZeroTokenPerBlock
FN:327,addPool
FN:384,updatePool
FN:398,setPoolWeight
FN:416,poolLength
FN:427,getMultiplier
FN:450,pendingZeroToken
FN:461,pendingZeroTokenByBlockNumber
FN:493,stakingBalance
FN:506,withdrawAmount
FN:526,updatePool
FN:567,massUpdatePools
FN:577,depositETH
FN:603,deposit
FN:632,unstake
FN:673,withdraw
FN:716,claim
FN:747,_deposit
FN:808,_safeZeroTokenTransfer
FN:824,_safeETHTransfer
FNF:32
FNH:21
FNDA:31,checkPid
FNDA:1,whenNotClaimPaused
FNDA:6,whenNotWithdrawPaused
FNDA:12,initialize
FNDA:0,_authorizeUpgrade
FNDA:12,setZeroToken
FNDA:0,pauseWithdraw
FNDA:0,unpauseWithdraw
FNDA:0,pauseClaim
FNDA:0,unpauseClaim
FNDA:0,setStartBlock
FNDA:0,setEndBlock
FNDA:0,setZeroTokenPerBlock
FNDA:13,addPool
FNDA:1,updatePool
FNDA:0,setPoolWeight
FNDA:3,poolLength
FNDA:4,getMultiplier
FNDA:3,pendingZeroToken
FNDA:3,pendingZeroTokenByBlockNumber
FNDA:3,stakingBalance
FNDA:0,withdrawAmount
FNDA:14,updatePool
FNDA:13,massUpdatePools
FNDA:10,depositETH
FNDA:0,deposit
FNDA:4,unstake
FNDA:2,withdraw
FNDA:1,claim
FNDA:9,_deposit
FNDA:1,_safeZeroTokenTransfer
FNDA:1,_safeETHTransfer
DA:176,31
DA:177,31
DA:181,1
DA:182,1
DA:186,6
DA:187,6
DA:199,12
DA:204,12
DA:205,12
DA:206,12
DA:207,12
DA:208,12
DA:210,12
DA:212,12
DA:213,12
DA:214,12
DA:227,12
DA:229,12
DA:236,0
DA:238,0
DA:240,0
DA:247,0
DA:249,0
DA:251,0
DA:258,0
DA:260,0
DA:262,0
DA:269,0
DA:271,0
DA:273,0
DA:280,0
DA:285,0
DA:287,0
DA:294,0
DA:299,0
DA:301,0
DA:310,0
DA:312,0
DA:314,0
DA:329,13
DA:330,1
DA:335,12
DA:342,13
DA:343,13
DA:345,13
DA:346,13
DA:349,13
DA:352,13
DA:354,13
DA:366,13
DA:367,13
DA:385,1
DA:386,1
DA:388,1
DA:399,0
DA:401,0
DA:402,0
DA:405,0
DA:406,0
DA:408,0
DA:417,3
DA:431,4
DA:432,4
DA:433,0
DA:435,4
DA:436,0
DA:438,4
DA:439,4
DA:440,4
DA:441,4
DA:451,3
DA:462,3
DA:463,3
DA:464,3
DA:465,3
DA:467,3
DA:468,3
DA:472,3
DA:474,3
DA:480,3
DA:494,3
DA:509,0
DA:511,0
DA:512,0
DA:513,0
DA:517,0
DA:527,14
DA:529,14
DA:530,13
DA:533,1
DA:537,1
DA:539,1
DA:540,1
DA:542,1
DA:543,1
DA:544,1
DA:547,1
DA:549,1
DA:550,1
DA:552,1
DA:555,1
DA:556,1
DA:559,1
DA:561,1
DA:568,13
DA:569,13
DA:570,1
DA:578,10
DA:579,10
DA:584,10
DA:585,10
DA:590,9
DA:604,0
DA:605,0
DA:606,0
DA:611,0
DA:613,0
DA:620,0
DA:633,4
DA:634,4
DA:636,4
DA:638,3
DA:640,3
DA:644,3
DA:645,0
DA:648,3
DA:649,3
DA:650,3
DA:658,3
DA:659,3
DA:663,3
DA:674,2
DA:675,2
DA:677,2
DA:678,2
DA:679,2
DA:680,2
DA:681,1
DA:683,1
DA:684,1
DA:687,2
DA:688,1
DA:691,2
DA:692,1
DA:695,2
DA:696,1
DA:697,1
DA:699,0
DA:706,2
DA:717,1
DA:718,1
DA:720,1
DA:722,1
DA:727,1
DA:728,1
DA:729,1
DA:732,1
DA:736,1
DA:748,9
DA:749,9
DA:751,9
DA:753,9
DA:755,0
DA:758,0
DA:759,0
DA:760,0
DA:762,0
DA:765,0
DA:767,0
DA:768,0
DA:771,0
DA:772,0
DA:776,9
DA:777,9
DA:778,9
DA:779,9
DA:782,9
DA:785,9
DA:786,9
DA:789,9
DA:792,9
DA:794,9
DA:795,9
DA:797,9
DA:799,9
DA:809,1
DA:811,1
DA:812,0
DA:814,1
DA:825,1
DA:829,1
DA:830,1
DA:831,0
LF:193
LH:139
BRDA:176,1,0,31
BRDA:176,1,1,0
BRDA:181,2,0,1
BRDA:181,2,1,0
BRDA:186,3,0,6
BRDA:186,3,1,0
BRDA:198,4,0,12
BRDA:198,4,1,0
BRDA:199,5,0,12
BRDA:199,5,1,0
BRDA:219,6,0,0
BRDA:219,6,1,0
BRDA:226,7,0,12
BRDA:226,7,1,0
BRDA:235,8,0,0
BRDA:235,8,1,0
BRDA:236,9,0,0
BRDA:236,9,1,0
BRDA:246,10,0,0
BRDA:246,10,1,0
BRDA:247,11,0,0
BRDA:247,11,1,0
BRDA:257,12,0,0
BRDA:257,12,1,0
BRDA:258,13,0,0
BRDA:258,13,1,0
BRDA:268,14,0,0
BRDA:268,14,1,0
BRDA:269,15,0,0
BRDA:269,15,1,0
BRDA:279,16,0,0
BRDA:279,16,1,0
BRDA:280,17,0,0
BRDA:280,17,1,0
BRDA:293,18,0,0
BRDA:293,18,1,0
BRDA:294,19,0,0
BRDA:294,19,1,0
BRDA:309,20,0,0
BRDA:309,20,1,0
BRDA:310,21,0,0
BRDA:310,21,1,0
BRDA:327,22,0,13
BRDA:327,22,1,1
BRDA:329,23,0,1
BRDA:329,23,1,12
BRDA:330,24,0,1
BRDA:330,24,1,0
BRDA:335,25,0,12
BRDA:335,25,1,0
BRDA:342,26,0,13
BRDA:342,26,1,0
BRDA:343,27,0,13
BRDA:343,27,1,0
BRDA:345,28,0,13
BRDA:345,28,1,0
BRDA:350,29,0,0
BRDA:350,29,1,13
BRDA:384,30,0,1
BRDA:384,30,1,0
BRDA:384,31,0,1
BRDA:384,31,1,0
BRDA:398,32,0,0
BRDA:398,32,1,0
BRDA:398,33,0,0
BRDA:398,33,1,0
BRDA:399,34,0,0
BRDA:399,34,1,0
BRDA:401,35,0,0
BRDA:401,35,1,0
BRDA:431,36,0,4
BRDA:431,36,1,0
BRDA:432,37,0,0
BRDA:432,37,1,4
BRDA:435,38,0,0
BRDA:435,38,1,4
BRDA:438,39,0,4
BRDA:438,39,1,0
BRDA:441,40,0,4
BRDA:441,40,1,0
BRDA:450,41,0,3
BRDA:450,41,1,0
BRDA:461,42,0,3
BRDA:461,42,1,0
BRDA:467,43,0,3
BRDA:467,43,1,0
BRDA:493,44,0,3
BRDA:493,44,1,0
BRDA:506,45,0,0
BRDA:506,45,1,0
BRDA:512,46,0,0
BRDA:512,46,1,0
BRDA:526,47,0,14
BRDA:526,47,1,0
BRDA:529,48,0,13
BRDA:529,48,1,1
BRDA:537,49,0,1
BRDA:537,49,1,0
BRDA:540,50,0,1
BRDA:540,50,1,0
BRDA:543,51,0,1
BRDA:543,51,1,0
BRDA:547,52,0,1
BRDA:547,52,1,0
BRDA:550,53,0,1
BRDA:550,53,1,0
BRDA:555,54,0,1
BRDA:555,54,1,0
BRDA:577,55,0,10
BRDA:577,55,1,0
BRDA:579,56,0,10
BRDA:579,56,1,0
BRDA:585,57,0,9
BRDA:585,57,1,1
BRDA:603,58,0,0
BRDA:603,58,1,0
BRDA:603,59,0,0
BRDA:603,59,1,0
BRDA:604,60,0,0
BRDA:604,60,1,0
BRDA:606,61,0,0
BRDA:606,61,1,0
BRDA:611,62,0,0
BRDA:611,62,1,0
BRDA:632,63,0,4
BRDA:632,63,1,0
BRDA:632,64,0,4
BRDA:632,64,1,0
BRDA:632,65,0,4
BRDA:632,65,1,0
BRDA:636,66,0,3
BRDA:636,66,1,1
BRDA:644,67,0,0
BRDA:644,67,1,3
BRDA:648,68,0,3
BRDA:648,68,1,0
BRDA:673,69,0,2
BRDA:673,69,1,0
BRDA:673,70,0,2
BRDA:673,70,1,0
BRDA:673,71,0,2
BRDA:673,71,1,0
BRDA:680,72,0,1
BRDA:680,72,1,1
BRDA:695,73,0,1
BRDA:695,73,1,1
BRDA:696,74,0,1
BRDA:696,74,1,0
BRDA:716,75,0,1
BRDA:716,75,1,0
BRDA:716,76,0,1
BRDA:716,76,1,0
BRDA:716,77,0,1
BRDA:716,77,1,0
BRDA:727,78,0,1
BRDA:727,78,1,0
BRDA:753,79,0,0
BRDA:753,79,1,9
BRDA:758,80,0,0
BRDA:758,80,1,0
BRDA:760,81,0,0
BRDA:760,81,1,0
BRDA:765,82,0,0
BRDA:765,82,1,0
BRDA:767,83,0,0
BRDA:767,83,1,0
BRDA:771,84,0,0
BRDA:771,84,1,0
BRDA:776,85,0,9
BRDA:776,85,1,0
BRDA:778,86,0,9
BRDA:778,86,1,0
BRDA:785,87,0,9
BRDA:785,87,1,0
BRDA:792,88,0,9
BRDA:792,88,1,0
BRDA:795,89,0,9
BRDA:795,89,1,0
BRDA:811,90,0,0
BRDA:811,90,1,1
BRDA:829,91,0,1
BRDA:829,91,1,0
BRDA:830,92,0,0
BRDA:830,92,1,1
BRDA:831,93,0,0
BRDA:831,93,1,0
BRF:186
BRH:68
end_of_record
TN:
SF:D:\DijiaCoder\WEB3\dijiacoder\staking-contracts\contracts\ZeroToken.sol
FN:7,constructor
FNF:1
FNH:1
FNDA:12,constructor
DA:9,12
LF:1
LH:1
BRF:0
BRH:0
end_of_record
